Using pre-set license

 COMMAND LINE ARGUMENTS:
/Applications/Unity/Hub/Editor/2020.3.16f1/Unity.app/Contents/MacOS/Unity
-adb2
-batchMode
-noUpm
-name
AssetImportWorker0
-projectPath
/Users/swartzking/Desktop/tut1.5SoundAnimate
-logFile
Logs/AssetImportWorker0.log
-srvPort
49726
Successfully changed project path to: /Users/swartzking/Desktop/tut1.5SoundAnimate
/Users/swartzking/Desktop/tut1.5SoundAnimate
Using Asset Import Pipeline V2.
Refreshing native plugins compatible for Editor in 59.28 ms, found 3 plugins.
Preloading 0 native plugins for Editor in 0.00 ms.
Initialize engine version: 2020.3.16f1 (049d6eca3c44)
[Subsystems] Discovering subsystems at path /Applications/Unity/Hub/Editor/2020.3.16f1/Unity.app/Contents/Resources/UnitySubsystems
[Subsystems] Discovering subsystems at path /Users/swartzking/Desktop/tut1.5SoundAnimate/Assets
GfxDevice: creating device client; threaded=0
2021-10-03 15:37:03.337 Unity[2295:58804] Color LCD preferred device: Intel(R) UHD Graphics 617 (low power)
2021-10-03 15:37:03.337 Unity[2295:58804] Metal devices available: 1
2021-10-03 15:37:03.337 Unity[2295:58804] 0: Intel(R) UHD Graphics 617 (low power)
2021-10-03 15:37:03.338 Unity[2295:58804] Using device Intel(R) UHD Graphics 617 (low power)
Initializing Metal device caps: Intel(R) UHD Graphics 617
Initialize mono
Mono path[0] = '/Applications/Unity/Hub/Editor/2020.3.16f1/Unity.app/Contents/Managed'
Mono path[1] = '/Applications/Unity/Hub/Editor/2020.3.16f1/Unity.app/Contents/MonoBleedingEdge/lib/mono/unityjit'
Mono config path = '/Applications/Unity/Hub/Editor/2020.3.16f1/Unity.app/Contents/MonoBleedingEdge/etc'
Using monoOptions --debugger-agent=transport=dt_socket,embedding=1,server=y,suspend=n,address=127.0.0.1:56295
Begin MonoManager ReloadAssembly
Registering precompiled unity dll's ...
Register platform support module: /Applications/Unity/Hub/Editor/2020.3.16f1/Unity.app/Contents/PlaybackEngines/MacStandaloneSupport/UnityEditor.OSXStandalone.Extensions.dll
Register platform support module: /Applications/Unity/Hub/Editor/2020.3.16f1/PlaybackEngines/WindowsStandaloneSupport/UnityEditor.WindowsStandalone.Extensions.dll
Registered in 0.000766 seconds.
Native extension for WindowsStandalone target not found
Native extension for OSXStandalone target not found
Refreshing native plugins compatible for Editor in 47.58 ms, found 3 plugins.
Preloading 0 native plugins for Editor in 0.00 ms.
Mono: successfully reloaded assembly
- Completed reload, in  2.536 seconds
Domain Reload Profiling:
	ReloadAssembly (2536ms)
		BeginReloadAssembly (62ms)
			ExecutionOrderSort (0ms)
			DisableScriptedObjects (0ms)
			BackupInstance (0ms)
			ReleaseScriptingObjects (0ms)
			CreateAndSetChildDomain (1ms)
		EndReloadAssembly (611ms)
			LoadAssemblies (60ms)
			RebuildTransferFunctionScriptingTraits (0ms)
			SetupTypeCache (245ms)
			ReleaseScriptCaches (0ms)
			RebuildScriptCaches (51ms)
			SetupLoadedEditorAssemblies (246ms)
				LogAssemblyErrors (0ms)
				InitializePlatformSupportModulesInManaged (5ms)
				SetLoadedEditorAssemblies (1ms)
				RefreshPlugins (48ms)
				BeforeProcessingInitializeOnLoad (10ms)
				ProcessInitializeOnLoadAttributes (141ms)
				ProcessInitializeOnLoadMethodAttributes (40ms)
				AfterProcessingInitializeOnLoad (0ms)
				EditorAssembliesLoaded (0ms)
			ExecutionOrderSort2 (0ms)
			AwakeInstancesAfterBackupRestoration (0ms)
Platform modules already initialized, skipping
Registering precompiled user dll's ...
Registered in 0.002376 seconds.
Begin MonoManager ReloadAssembly
Native extension for WindowsStandalone target not found
Native extension for OSXStandalone target not found
Refreshing native plugins compatible for Editor in 56.46 ms, found 3 plugins.
Preloading 0 native plugins for Editor in 0.00 ms.
Mono: successfully reloaded assembly
- Completed reload, in  2.239 seconds
Domain Reload Profiling:
	ReloadAssembly (2240ms)
		BeginReloadAssembly (227ms)
			ExecutionOrderSort (0ms)
			DisableScriptedObjects (6ms)
			BackupInstance (0ms)
			ReleaseScriptingObjects (0ms)
			CreateAndSetChildDomain (49ms)
		EndReloadAssembly (1918ms)
			LoadAssemblies (108ms)
			RebuildTransferFunctionScriptingTraits (0ms)
			SetupTypeCache (804ms)
			ReleaseScriptCaches (1ms)
			RebuildScriptCaches (103ms)
			SetupLoadedEditorAssemblies (676ms)
				LogAssemblyErrors (0ms)
				InitializePlatformSupportModulesInManaged (7ms)
				SetLoadedEditorAssemblies (0ms)
				RefreshPlugins (57ms)
				BeforeProcessingInitializeOnLoad (90ms)
				ProcessInitializeOnLoadAttributes (500ms)
				ProcessInitializeOnLoadMethodAttributes (21ms)
				AfterProcessingInitializeOnLoad (2ms)
				EditorAssembliesLoaded (0ms)
			ExecutionOrderSort2 (0ms)
			AwakeInstancesAfterBackupRestoration (11ms)
Platform modules already initialized, skipping
========================================================================
Worker process is ready to serve import requests
Launching external process: /Applications/Unity/Hub/Editor/2020.3.16f1/Unity.app/Contents/Tools/UnityShaderCompiler
Launched and connected shader compiler UnityShaderCompiler after 0.02 seconds
Refreshing native plugins compatible for Editor in 0.67 ms, found 3 plugins.
Preloading 0 native plugins for Editor in 0.00 ms.
Unloading 2092 Unused Serialized files (Serialized files now loaded: 0)
System memory in use before: 171.1 MB.
System memory in use after: 171.2 MB.

Unloading 28 unused Assets to reduce memory usage. Loaded Objects now: 2529.
Total: 5.610442 ms (FindLiveObjects: 0.318772 ms CreateObjectMapping: 0.130556 ms MarkObjects: 5.020518 ms  DeleteObjects: 0.138515 ms)

AssetImportParameters requested are different than current active one (requested -> active):
  custom:video-decoder-ogg-theora: a1e56fd34408186e4bbccfd4996cb3dc -> 
  custom:container-muxer-webm: aa71ff27fc2769a1b78a27578f13a17b -> 
  custom:container-demuxer-webm: 4f35f7cbe854078d1ac9338744f61a02 -> 
  custom:container-demuxer-ogg: 62fdf1f143b41e24485cea50d1cbac27 -> 
  custom:video-encoder-webm-vp8: eb34c28f22e8b96e1ab97ce403110664 -> 
  custom:framework-osx-AVFoundation: e770b220cccbd017edd2c1fefb359320 -> 
  custom:video-decoder-webm-vp8: 9c59270c3fd7afecdb556c50c9e8de78 -> 
  custom:audio-decoder-ogg-vorbis: bf7c407c2cedff20999df2af8eb42d56 -> 
  custom:audio-encoder-webm-vorbis: bf7c407c2cedff20999df2af8eb42d56 -> 
========================================================================
Received Import Request.
  path: Assets/Sprites
  artifactKey: Guid(1cc0e1e2c4cbb47e2ae7645f1067c2c5) Importer(815301076,1909f56bfc062723c751e8b465ee728b)
Start importing Assets/Sprites using Guid(1cc0e1e2c4cbb47e2ae7645f1067c2c5) Importer(815301076,1909f56bfc062723c751e8b465ee728b)  -> (artifact id: '599672b139e5a2cf2b9dfd7710eff82f') in 0.005781 seconds 
  Import took 0.010924 seconds .

========================================================================
Received Import Request.
  Time since last request: 19.268041 seconds.
  path: Assets/Sprites/Dead (1).png
  artifactKey: Guid(0a4f8fa59525546f69636bd14da21630) Importer(815301076,1909f56bfc062723c751e8b465ee728b)
Start importing Assets/Sprites/Dead (1).png using Guid(0a4f8fa59525546f69636bd14da21630) Importer(815301076,1909f56bfc062723c751e8b465ee728b)  -> (artifact id: '57a72f7a79da92a3370f33a4ab215d3e') in 1.835890 seconds 
  Import took 1.844448 seconds .

========================================================================
Received Import Request.
  Time since last request: 0.000310 seconds.
  path: Assets/Sprites/Hurt (7).png
  artifactKey: Guid(c9c152493db944306accfa8fda257818) Importer(815301076,1909f56bfc062723c751e8b465ee728b)
Start importing Assets/Sprites/Hurt (7).png using Guid(c9c152493db944306accfa8fda257818) Importer(815301076,1909f56bfc062723c751e8b465ee728b)  -> (artifact id: 'f7863bffcfedef076a9aaed720e762be') in 0.018219 seconds 
  Import took 0.023146 seconds .

========================================================================
Received Import Request.
  Time since last request: 0.000292 seconds.
  path: Assets/Sprites/Dead (8).png
  artifactKey: Guid(0e78e0e6e3a874b6a93706985d1b2a99) Importer(815301076,1909f56bfc062723c751e8b465ee728b)
Start importing Assets/Sprites/Dead (8).png using Guid(0e78e0e6e3a874b6a93706985d1b2a99) Importer(815301076,1909f56bfc062723c751e8b465ee728b)  -> (artifact id: '1ba0897e0c296ea0ccf5ac8c6016f2c1') in 0.013949 seconds 
  Import took 0.017749 seconds .

========================================================================
Received Import Request.
  Time since last request: 0.000258 seconds.
  path: Assets/Sprites/Fall (2).png
  artifactKey: Guid(c2604ac7d88b742c9bf0c886b164a874) Importer(815301076,1909f56bfc062723c751e8b465ee728b)
Start importing Assets/Sprites/Fall (2).png using Guid(c2604ac7d88b742c9bf0c886b164a874) Importer(815301076,1909f56bfc062723c751e8b465ee728b)  -> (artifact id: 'b38ae8dc1e4227499570c5cc7c563a53') in 0.018832 seconds 
  Import took 0.022854 seconds .

========================================================================
Received Import Request.
  Time since last request: 0.000464 seconds.
  path: Assets/Sprites/Fall (8).png
  artifactKey: Guid(857f8538dcb764719b825c6b2a7fd55e) Importer(815301076,1909f56bfc062723c751e8b465ee728b)
Start importing Assets/Sprites/Fall (8).png using Guid(857f8538dcb764719b825c6b2a7fd55e) Importer(815301076,1909f56bfc062723c751e8b465ee728b)  -> (artifact id: '5307af28bafa569a22be5a69ebf36f84') in 0.013500 seconds 
  Import took 0.017624 seconds .

========================================================================
Received Import Request.
  Time since last request: 0.000275 seconds.
  path: Assets/Sprites/Hurt (2).png
  artifactKey: Guid(9f4171fbb0b1c49e99d0021f346145f6) Importer(815301076,1909f56bfc062723c751e8b465ee728b)
Start importing Assets/Sprites/Hurt (2).png using Guid(9f4171fbb0b1c49e99d0021f346145f6) Importer(815301076,1909f56bfc062723c751e8b465ee728b)  -> (artifact id: '3b25c478b8720d239652fc799fc503f1') in 0.031818 seconds 
  Import took 0.037601 seconds .

========================================================================
Received Import Request.
  Time since last request: 0.000342 seconds.
  path: Assets/Sprites/Fall (5).png
  artifactKey: Guid(0fb54e1a447f74d32ac54e30b07ff4f4) Importer(815301076,1909f56bfc062723c751e8b465ee728b)
Start importing Assets/Sprites/Fall (5).png using Guid(0fb54e1a447f74d32ac54e30b07ff4f4) Importer(815301076,1909f56bfc062723c751e8b465ee728b)  -> (artifact id: '00dcf113f9ccdd60b2e67846bd16b36c') in 0.025963 seconds 
  Import took 0.033002 seconds .

========================================================================
Received Import Request.
  Time since last request: 0.000353 seconds.
  path: Assets/Sprites/Dead (2).png
  artifactKey: Guid(da62624b4fa474939a3e69adf3d03cd3) Importer(815301076,1909f56bfc062723c751e8b465ee728b)
Start importing Assets/Sprites/Dead (2).png using Guid(da62624b4fa474939a3e69adf3d03cd3) Importer(815301076,1909f56bfc062723c751e8b465ee728b)  -> (artifact id: '8a9ae8dc405427d480c86e6da10d89d2') in 0.014614 seconds 
  Import took 0.019909 seconds .

========================================================================
Received Import Request.
  Time since last request: 0.000323 seconds.
  path: Assets/Sprites/Dead (4).png
  artifactKey: Guid(83a167c488b9e426fbc6fae43f6dd250) Importer(815301076,1909f56bfc062723c751e8b465ee728b)
Start importing Assets/Sprites/Dead (4).png using Guid(83a167c488b9e426fbc6fae43f6dd250) Importer(815301076,1909f56bfc062723c751e8b465ee728b)  -> (artifact id: '1796e0bc49e81f54f752e7dda50c04b1') in 0.020647 seconds 
  Import took 0.026849 seconds .

========================================================================
Received Import Request.
  Time since last request: 0.000706 seconds.
  path: Assets/Sprites/Dead (3).png
  artifactKey: Guid(bde4564e3b721407f97e2310d54857e8) Importer(815301076,1909f56bfc062723c751e8b465ee728b)
Start importing Assets/Sprites/Dead (3).png using Guid(bde4564e3b721407f97e2310d54857e8) Importer(815301076,1909f56bfc062723c751e8b465ee728b)  -> (artifact id: 'a146a781ffe5f0518876a2c00876ee81') in 0.035424 seconds 
  Import took 0.042549 seconds .

========================================================================
Received Import Request.
  Time since last request: 0.000638 seconds.
  path: Assets/Sprites/Hurt (8).png
  artifactKey: Guid(efbd00e25883940188c8dc0d330d4c64) Importer(815301076,1909f56bfc062723c751e8b465ee728b)
Start importing Assets/Sprites/Hurt (8).png using Guid(efbd00e25883940188c8dc0d330d4c64) Importer(815301076,1909f56bfc062723c751e8b465ee728b)  -> (artifact id: 'f18d055dd47cf6e59e041533d8f615f3') in 0.032655 seconds 
  Import took 0.039446 seconds .

========================================================================
Received Import Request.
  Time since last request: 0.000623 seconds.
  path: Assets/Sprites/Fall (4).png
  artifactKey: Guid(3cfc86b90bb3b4afcb3d0b7182c3b648) Importer(815301076,1909f56bfc062723c751e8b465ee728b)
Start importing Assets/Sprites/Fall (4).png using Guid(3cfc86b90bb3b4afcb3d0b7182c3b648) Importer(815301076,1909f56bfc062723c751e8b465ee728b)  -> (artifact id: '978772cbd8fec35ab2b83091ac18717d') in 0.023757 seconds 
  Import took 0.032432 seconds .

========================================================================
Received Import Request.
  Time since last request: 0.000369 seconds.
  path: Assets/Sprites/Hurt (5).png
  artifactKey: Guid(e885764ad905749e2abfa1f0c3019991) Importer(815301076,1909f56bfc062723c751e8b465ee728b)
Start importing Assets/Sprites/Hurt (5).png using Guid(e885764ad905749e2abfa1f0c3019991) Importer(815301076,1909f56bfc062723c751e8b465ee728b)  -> (artifact id: '87cd8384fe37306bd56d4d776763e704') in 0.023027 seconds 
  Import took 0.028624 seconds .

========================================================================
Received Import Request.
  Time since last request: 0.000351 seconds.
  path: Assets/Sprites/Idle (2).png
  artifactKey: Guid(adebab53525324835ade9e81fca9e788) Importer(815301076,1909f56bfc062723c751e8b465ee728b)
Start importing Assets/Sprites/Idle (2).png using Guid(adebab53525324835ade9e81fca9e788) Importer(815301076,1909f56bfc062723c751e8b465ee728b)  -> (artifact id: 'c125750b357b886f1f670c0ad5c7dfa4') in 0.015801 seconds 
  Import took 0.021263 seconds .

========================================================================
Received Import Request.
  Time since last request: 0.000416 seconds.
  path: Assets/Sprites/Dead (10).png
  artifactKey: Guid(d63996375a4cc49ae86ee557eae1c296) Importer(815301076,1909f56bfc062723c751e8b465ee728b)
Start importing Assets/Sprites/Dead (10).png using Guid(d63996375a4cc49ae86ee557eae1c296) Importer(815301076,1909f56bfc062723c751e8b465ee728b)  -> (artifact id: 'd4d73f4e8f0438651d1468f4f2366c06') in 0.015848 seconds 
  Import took 0.021755 seconds .

========================================================================
Received Import Request.
  Time since last request: 0.000491 seconds.
  path: Assets/Sprites/Idle (1).png
  artifactKey: Guid(6639dfa4d5eb4464d877a733cde88cab) Importer(815301076,1909f56bfc062723c751e8b465ee728b)
Start importing Assets/Sprites/Idle (1).png using Guid(6639dfa4d5eb4464d877a733cde88cab) Importer(815301076,1909f56bfc062723c751e8b465ee728b)  -> (artifact id: '4f9a4547c38665bcdf3d8f8391016c0f') in 0.028937 seconds 
  Import took 0.035450 seconds .

========================================================================
Received Import Request.
  Time since last request: 0.000372 seconds.
  path: Assets/Sprites/Hurt (3).png
  artifactKey: Guid(8fc226fa4787a41c9b21dd39667c21a4) Importer(815301076,1909f56bfc062723c751e8b465ee728b)
Start importing Assets/Sprites/Hurt (3).png using Guid(8fc226fa4787a41c9b21dd39667c21a4) Importer(815301076,1909f56bfc062723c751e8b465ee728b)  -> (artifact id: 'b29cb6d75486256bce9ace9f18ad8a72') in 0.025213 seconds 
  Import took 0.030668 seconds .

========================================================================
Received Import Request.
  Time since last request: 0.000297 seconds.
  path: Assets/Sprites/Hurt (1).png
  artifactKey: Guid(d81ea23932b634030be48eafcd21b491) Importer(815301076,1909f56bfc062723c751e8b465ee728b)
Start importing Assets/Sprites/Hurt (1).png using Guid(d81ea23932b634030be48eafcd21b491) Importer(815301076,1909f56bfc062723c751e8b465ee728b)  -> (artifact id: 'bfc003d3842abb86fcf9d216546d99ed') in 0.014432 seconds 
  Import took 0.019119 seconds .

========================================================================
Received Import Request.
  Time since last request: 0.000350 seconds.
  path: Assets/Sprites/Dead (5).png
  artifactKey: Guid(a37536bfea28d41448bba4ac4786093e) Importer(815301076,1909f56bfc062723c751e8b465ee728b)
Start importing Assets/Sprites/Dead (5).png using Guid(a37536bfea28d41448bba4ac4786093e) Importer(815301076,1909f56bfc062723c751e8b465ee728b)  -> (artifact id: 'c2d2dc345b7da63bbdef73c93ce7c8e1') in 0.034923 seconds 
  Import took 0.040868 seconds .

========================================================================
Received Import Request.
  Time since last request: 0.000472 seconds.
  path: Assets/Sprites/Hurt (9).png
  artifactKey: Guid(6924880b1e3b74322940efd9acd40457) Importer(815301076,1909f56bfc062723c751e8b465ee728b)
Start importing Assets/Sprites/Hurt (9).png using Guid(6924880b1e3b74322940efd9acd40457) Importer(815301076,1909f56bfc062723c751e8b465ee728b)  -> (artifact id: 'db68f48e56c464e5b3a752e7cd5e3b06') in 0.024062 seconds 
  Import took 0.030182 seconds .

========================================================================
Received Import Request.
  Time since last request: 0.000342 seconds.
  path: Assets/Sprites/Fall (6).png
  artifactKey: Guid(a78913cb5e1ae43e3b4177addd080d7b) Importer(815301076,1909f56bfc062723c751e8b465ee728b)
Start importing Assets/Sprites/Fall (6).png using Guid(a78913cb5e1ae43e3b4177addd080d7b) Importer(815301076,1909f56bfc062723c751e8b465ee728b)  -> (artifact id: '539ea1916868568a644d7d6f61f9c2ec') in 0.015273 seconds 
  Import took 0.020587 seconds .

========================================================================
Received Import Request.
  Time since last request: 0.000337 seconds.
  path: Assets/Sprites/Hurt (4).png
  artifactKey: Guid(8dabe00708b6842e29a24b9aeeef484f) Importer(815301076,1909f56bfc062723c751e8b465ee728b)
Start importing Assets/Sprites/Hurt (4).png using Guid(8dabe00708b6842e29a24b9aeeef484f) Importer(815301076,1909f56bfc062723c751e8b465ee728b)  -> (artifact id: '95469ba4b8439f5eb542f4436b663e01') in 0.017369 seconds 
  Import took 0.022181 seconds .

========================================================================
Received Import Request.
  Time since last request: 0.000408 seconds.
  path: Assets/Sprites/Hurt (10).png
  artifactKey: Guid(70224a6af5c6f449183f2691d3653593) Importer(815301076,1909f56bfc062723c751e8b465ee728b)
Start importing Assets/Sprites/Hurt (10).png using Guid(70224a6af5c6f449183f2691d3653593) Importer(815301076,1909f56bfc062723c751e8b465ee728b)  -> (artifact id: 'bbfc4ffdf3f54ad7539067541e727f5e') in 0.023892 seconds 
  Import took 0.031071 seconds .

========================================================================
Received Import Request.
  Time since last request: 0.000431 seconds.
  path: Assets/Sprites/Dead (7).png
  artifactKey: Guid(e30fbcdf62d4248c7a68dba2eb191306) Importer(815301076,1909f56bfc062723c751e8b465ee728b)
Start importing Assets/Sprites/Dead (7).png using Guid(e30fbcdf62d4248c7a68dba2eb191306) Importer(815301076,1909f56bfc062723c751e8b465ee728b)  -> (artifact id: '6a429fc1586ff3f86959a70f26996696') in 0.026812 seconds 
  Import took 0.032652 seconds .

========================================================================
Received Import Request.
  Time since last request: 0.000328 seconds.
  path: Assets/Sprites/Fall (3).png
  artifactKey: Guid(932e6d3ac3f49437bae71feb49cc2983) Importer(815301076,1909f56bfc062723c751e8b465ee728b)
Start importing Assets/Sprites/Fall (3).png using Guid(932e6d3ac3f49437bae71feb49cc2983) Importer(815301076,1909f56bfc062723c751e8b465ee728b)  -> (artifact id: 'a93ffb7db9b25a15c363ae870ad7f3f3') in 0.016678 seconds 
  Import took 0.021014 seconds .

========================================================================
Received Import Request.
  Time since last request: 0.000345 seconds.
  path: Assets/Sprites/Idle (5).png
  artifactKey: Guid(2bd37d71267f94be1aa924f274f50574) Importer(815301076,1909f56bfc062723c751e8b465ee728b)
Start importing Assets/Sprites/Idle (5).png using Guid(2bd37d71267f94be1aa924f274f50574) Importer(815301076,1909f56bfc062723c751e8b465ee728b)  -> (artifact id: 'ee640297194c46842b7f0a9c12bef658') in 0.026590 seconds 
  Import took 0.033729 seconds .

========================================================================
Received Import Request.
  Time since last request: 0.000615 seconds.
  path: Assets/Sprites/Fall (1).png
  artifactKey: Guid(c6af445a3df8547c59989496350ab974) Importer(815301076,1909f56bfc062723c751e8b465ee728b)
Start importing Assets/Sprites/Fall (1).png using Guid(c6af445a3df8547c59989496350ab974) Importer(815301076,1909f56bfc062723c751e8b465ee728b)  -> (artifact id: 'd5218aa9b02dc3a0b955342b60bbf376') in 0.019325 seconds 
  Import took 0.026665 seconds .

========================================================================
Received Import Request.
  Time since last request: 0.000347 seconds.
  path: Assets/Sprites/Idle (3).png
  artifactKey: Guid(ad0849052c779423da822a38f97376ca) Importer(815301076,1909f56bfc062723c751e8b465ee728b)
Start importing Assets/Sprites/Idle (3).png using Guid(ad0849052c779423da822a38f97376ca) Importer(815301076,1909f56bfc062723c751e8b465ee728b)  -> (artifact id: 'a76f21dbb71e083795fa1465241fc50e') in 0.018610 seconds 
  Import took 0.023480 seconds .

========================================================================
Received Import Request.
  Time since last request: 0.000392 seconds.
  path: Assets/Sprites/Hurt (6).png
  artifactKey: Guid(e361005ea56aa4952a0cea785be9f55b) Importer(815301076,1909f56bfc062723c751e8b465ee728b)
Start importing Assets/Sprites/Hurt (6).png using Guid(e361005ea56aa4952a0cea785be9f55b) Importer(815301076,1909f56bfc062723c751e8b465ee728b)  -> (artifact id: 'ec70a05d7244641428abd57d6653530d') in 0.014751 seconds 
  Import took 0.019727 seconds .

========================================================================
Received Import Request.
  Time since last request: 0.000330 seconds.
  path: Assets/Sprites/Fall (7).png
  artifactKey: Guid(f5a864703b4f7456f86fc9050d1a2d98) Importer(815301076,1909f56bfc062723c751e8b465ee728b)
Start importing Assets/Sprites/Fall (7).png using Guid(f5a864703b4f7456f86fc9050d1a2d98) Importer(815301076,1909f56bfc062723c751e8b465ee728b)  -> (artifact id: '50720e77eac37b8cd7c7b6902a0e7664') in 0.026994 seconds 
  Import took 0.035046 seconds .

========================================================================
Received Import Request.
  Time since last request: 0.000366 seconds.
  path: Assets/Sprites/Dead (9).png
  artifactKey: Guid(126284478b73f4a7198d403dd394f241) Importer(815301076,1909f56bfc062723c751e8b465ee728b)
Start importing Assets/Sprites/Dead (9).png using Guid(126284478b73f4a7198d403dd394f241) Importer(815301076,1909f56bfc062723c751e8b465ee728b)  -> (artifact id: '1567bfe503ef01f68dd06b41fa3bf7d8') in 0.023326 seconds 
  Import took 0.029254 seconds .

========================================================================
Received Import Request.
  Time since last request: 0.000424 seconds.
  path: Assets/Sprites/Idle (4).png
  artifactKey: Guid(d93dfb4879d67424dba884630ff52640) Importer(815301076,1909f56bfc062723c751e8b465ee728b)
Start importing Assets/Sprites/Idle (4).png using Guid(d93dfb4879d67424dba884630ff52640) Importer(815301076,1909f56bfc062723c751e8b465ee728b)  -> (artifact id: 'a4aa9c9c3c8c182f584f660183884c6e') in 0.015355 seconds 
  Import took 0.020800 seconds .

========================================================================
Received Import Request.
  Time since last request: 0.000321 seconds.
  path: Assets/Sprites/Dead (6).png
  artifactKey: Guid(48893ea85c99a43abb61b114a5819c8c) Importer(815301076,1909f56bfc062723c751e8b465ee728b)
Start importing Assets/Sprites/Dead (6).png using Guid(48893ea85c99a43abb61b114a5819c8c) Importer(815301076,1909f56bfc062723c751e8b465ee728b)  -> (artifact id: '67b8314425dabb4acf9419edf318c723') in 0.018954 seconds 
  Import took 0.024934 seconds .

========================================================================
Received Import Request.
  Time since last request: 46.978716 seconds.
  path: Assets/Sprites/Idle (6).png
  artifactKey: Guid(1fa98213b8f9942509dc40efecc1d4a7) Importer(815301076,1909f56bfc062723c751e8b465ee728b)
Start importing Assets/Sprites/Idle (6).png using Guid(1fa98213b8f9942509dc40efecc1d4a7) Importer(815301076,1909f56bfc062723c751e8b465ee728b)  -> (artifact id: '8a3373fd73853dfb71712940d2917983') in 0.021420 seconds 
  Import took 0.027671 seconds .

========================================================================
Received Import Request.
  Time since last request: 0.000395 seconds.
  path: Assets/Sprites/Idle (8).png
  artifactKey: Guid(a1bdaffa942134c1a8ceb0e6e09e7afa) Importer(815301076,1909f56bfc062723c751e8b465ee728b)
Start importing Assets/Sprites/Idle (8).png using Guid(a1bdaffa942134c1a8ceb0e6e09e7afa) Importer(815301076,1909f56bfc062723c751e8b465ee728b)  -> (artifact id: 'f8f2fff4d25080336ab93f405ca50cd2') in 0.019273 seconds 
  Import took 0.025741 seconds .

========================================================================
Received Import Request.
  Time since last request: 0.001080 seconds.
  path: Assets/Sprites/Idle (10).png
  artifactKey: Guid(64ab5a415eef74a2b9777090d4c75312) Importer(815301076,1909f56bfc062723c751e8b465ee728b)
Start importing Assets/Sprites/Idle (10).png using Guid(64ab5a415eef74a2b9777090d4c75312) Importer(815301076,1909f56bfc062723c751e8b465ee728b)  -> (artifact id: '2f52e41d33e0bab28b45d9e243d0af2d') in 0.023558 seconds 
  Import took 0.034465 seconds .

========================================================================
Received Import Request.
  Time since last request: 0.000406 seconds.
  path: Assets/Sprites/Idle (6).png
  artifactKey: Guid(1fa98213b8f9942509dc40efecc1d4a7) Importer(815301076,1909f56bfc062723c751e8b465ee728b)
Start importing Assets/Sprites/Idle (6).png using Guid(1fa98213b8f9942509dc40efecc1d4a7) Importer(815301076,1909f56bfc062723c751e8b465ee728b)  -> (artifact id: '8a3373fd73853dfb71712940d2917983') in 0.025489 seconds 
  Import took 0.031650 seconds .

========================================================================
Received Import Request.
  Time since last request: 0.000623 seconds.
  path: Assets/Sprites/Idle (7).png
  artifactKey: Guid(7375851dd82214890a8e95c75052bc85) Importer(815301076,1909f56bfc062723c751e8b465ee728b)
Start importing Assets/Sprites/Idle (7).png using Guid(7375851dd82214890a8e95c75052bc85) Importer(815301076,1909f56bfc062723c751e8b465ee728b)  -> (artifact id: '356ab1a1f3fa70aa8b79bc6e598fa95d') in 0.020649 seconds 
  Import took 0.030028 seconds .

========================================================================
Received Import Request.
  Time since last request: 0.000327 seconds.
  path: Assets/Sprites/Jump (1).png
  artifactKey: Guid(c5bcffb2d61c04867ab37d4eb1b4d3f2) Importer(815301076,1909f56bfc062723c751e8b465ee728b)
Start importing Assets/Sprites/Jump (1).png using Guid(c5bcffb2d61c04867ab37d4eb1b4d3f2) Importer(815301076,1909f56bfc062723c751e8b465ee728b)  -> (artifact id: 'ed1b4a7354e171bc08946ab52a58f889') in 0.018970 seconds 
  Import took 0.024488 seconds .

========================================================================
Received Import Request.
  Time since last request: 0.000402 seconds.
  path: Assets/Sprites/Idle (9).png
  artifactKey: Guid(1ddc29093130e42e599cbf9e243b8e8b) Importer(815301076,1909f56bfc062723c751e8b465ee728b)
Start importing Assets/Sprites/Idle (9).png using Guid(1ddc29093130e42e599cbf9e243b8e8b) Importer(815301076,1909f56bfc062723c751e8b465ee728b)  -> (artifact id: '6fb10866567544c8ac7ce4f369c49f9e') in 0.033409 seconds 
  Import took 0.039311 seconds .

========================================================================
Received Import Request.
  Time since last request: 0.000292 seconds.
  path: Assets/Sprites/Jump (3).png
  artifactKey: Guid(662103a0eae3b422b9b31ef1f9d7c0d8) Importer(815301076,1909f56bfc062723c751e8b465ee728b)
Start importing Assets/Sprites/Jump (3).png using Guid(662103a0eae3b422b9b31ef1f9d7c0d8) Importer(815301076,1909f56bfc062723c751e8b465ee728b)  -> (artifact id: '63614e8a893d96ba7ec877e81f81a6bb') in 0.019171 seconds 
  Import took 0.025783 seconds .

========================================================================
Received Import Request.
  Time since last request: 0.000418 seconds.
  path: Assets/Sprites/Jump (2).png
  artifactKey: Guid(160aa31caa9d64a138b5de23c3837a29) Importer(815301076,1909f56bfc062723c751e8b465ee728b)
Start importing Assets/Sprites/Jump (2).png using Guid(160aa31caa9d64a138b5de23c3837a29) Importer(815301076,1909f56bfc062723c751e8b465ee728b)  -> (artifact id: '66ab647345ec0c314f9accf8f32ec976') in 0.020289 seconds 
  Import took 0.026178 seconds .

========================================================================
Received Import Request.
  Time since last request: 0.046317 seconds.
  path: Assets/Sprites/Jump (3).png
  artifactKey: Guid(662103a0eae3b422b9b31ef1f9d7c0d8) Importer(815301076,1909f56bfc062723c751e8b465ee728b)
Start importing Assets/Sprites/Jump (3).png using Guid(662103a0eae3b422b9b31ef1f9d7c0d8) Importer(815301076,1909f56bfc062723c751e8b465ee728b)  -> (artifact id: '63614e8a893d96ba7ec877e81f81a6bb') in 0.019068 seconds 
  Import took 0.027683 seconds .

========================================================================
Received Import Request.
  Time since last request: 0.331592 seconds.
  path: Assets/Sprites/Jump (4).png
  artifactKey: Guid(23a5df4d701a3473fa970fe18eddfba1) Importer(815301076,1909f56bfc062723c751e8b465ee728b)
Start importing Assets/Sprites/Jump (4).png using Guid(23a5df4d701a3473fa970fe18eddfba1) Importer(815301076,1909f56bfc062723c751e8b465ee728b)  -> (artifact id: '1af049c7d2b6ed667ad5623d0de12876') in 0.017386 seconds 
  Import took 0.026911 seconds .

========================================================================
Received Import Request.
  Time since last request: 0.000375 seconds.
  path: Assets/Sprites/Jump (5).png
  artifactKey: Guid(de9942d66ace44592ba62c3020529d63) Importer(815301076,1909f56bfc062723c751e8b465ee728b)
Start importing Assets/Sprites/Jump (5).png using Guid(de9942d66ace44592ba62c3020529d63) Importer(815301076,1909f56bfc062723c751e8b465ee728b)  -> (artifact id: 'b55c47674c46035294542ffcfada182b') in 0.017399 seconds 
  Import took 0.025953 seconds .

========================================================================
Received Import Request.
  Time since last request: 0.000796 seconds.
  path: Assets/Sprites/Run (2).png
  artifactKey: Guid(81605bcea85644eee83a85efaa781c76) Importer(815301076,1909f56bfc062723c751e8b465ee728b)
Start importing Assets/Sprites/Run (2).png using Guid(81605bcea85644eee83a85efaa781c76) Importer(815301076,1909f56bfc062723c751e8b465ee728b)  -> (artifact id: '8f34b893bfcc6d5f427228cc7dd90174') in 0.032641 seconds 
  Import took 0.038814 seconds .

========================================================================
Received Import Request.
  Time since last request: 0.000280 seconds.
  path: Assets/Sprites/Run (1).png
  artifactKey: Guid(5eac7122ee13a427a8eca210d8fdfe24) Importer(815301076,1909f56bfc062723c751e8b465ee728b)
Start importing Assets/Sprites/Run (1).png using Guid(5eac7122ee13a427a8eca210d8fdfe24) Importer(815301076,1909f56bfc062723c751e8b465ee728b)  -> (artifact id: '3e2a78048a8f27411aaa29fc8f7d490b') in 0.041759 seconds 
  Import took 0.047746 seconds .

========================================================================
Received Import Request.
  Time since last request: 0.000507 seconds.
  path: Assets/Sprites/Run (3).png
  artifactKey: Guid(02bf31ece85134c1eb5b7714158c40de) Importer(815301076,1909f56bfc062723c751e8b465ee728b)
Start importing Assets/Sprites/Run (3).png using Guid(02bf31ece85134c1eb5b7714158c40de) Importer(815301076,1909f56bfc062723c751e8b465ee728b)  -> (artifact id: '08312536e82ada9b900779acbdae6259') in 0.044148 seconds 
  Import took 0.052276 seconds .

========================================================================
Received Import Request.
  Time since last request: 0.031881 seconds.
  path: Assets/Sprites/Jump (7).png
  artifactKey: Guid(0ecc0431370c14e188904306615beed8) Importer(815301076,1909f56bfc062723c751e8b465ee728b)
Start importing Assets/Sprites/Jump (7).png using Guid(0ecc0431370c14e188904306615beed8) Importer(815301076,1909f56bfc062723c751e8b465ee728b)  -> (artifact id: '19c1bda7ca1415102a54172620a24489') in 0.039700 seconds 
  Import took 0.049062 seconds .

========================================================================
Received Import Request.
  Time since last request: 0.010182 seconds.
  path: Assets/Sprites/Jump (8).png
  artifactKey: Guid(531f2e72b20914ee4b0ee6fe18531b84) Importer(815301076,1909f56bfc062723c751e8b465ee728b)
Start importing Assets/Sprites/Jump (8).png using Guid(531f2e72b20914ee4b0ee6fe18531b84) Importer(815301076,1909f56bfc062723c751e8b465ee728b)  -> (artifact id: '58eba2841b6e7794339d55f4c8b18314') in 0.023626 seconds 
  Import took 0.032853 seconds .

========================================================================
Received Import Request.
  Time since last request: 0.000593 seconds.
  path: Assets/Sprites/Jump (6).png
  artifactKey: Guid(9b5a28d2808e849bbac4ac40b8b70273) Importer(815301076,1909f56bfc062723c751e8b465ee728b)
Start importing Assets/Sprites/Jump (6).png using Guid(9b5a28d2808e849bbac4ac40b8b70273) Importer(815301076,1909f56bfc062723c751e8b465ee728b)  -> (artifact id: '56a3ec270005cbf26e07a0300fcb4499') in 0.037391 seconds 
  Import took 0.046778 seconds .

========================================================================
Received Import Request.
  Time since last request: 0.304771 seconds.
  path: Assets/Sprites/Run (4).png
  artifactKey: Guid(7dca461a8c8b74cc985630bbe85cef60) Importer(815301076,1909f56bfc062723c751e8b465ee728b)
Start importing Assets/Sprites/Run (4).png using Guid(7dca461a8c8b74cc985630bbe85cef60) Importer(815301076,1909f56bfc062723c751e8b465ee728b)  -> (artifact id: '9fd37d4c460f4b2e6cfea98e555f5c5c') in 0.016097 seconds 
  Import took 0.022318 seconds .

========================================================================
Received Import Request.
  Time since last request: 0.000425 seconds.
  path: Assets/Sprites/Run (8).png
  artifactKey: Guid(340f182ff4cf74be0a20b1d620ffe5be) Importer(815301076,1909f56bfc062723c751e8b465ee728b)
Start importing Assets/Sprites/Run (8).png using Guid(340f182ff4cf74be0a20b1d620ffe5be) Importer(815301076,1909f56bfc062723c751e8b465ee728b)  -> (artifact id: '798cf95c424d79d4bdd55421ba35a8cd') in 0.020696 seconds 
  Import took 0.028687 seconds .

========================================================================
Received Import Request.
  Time since last request: 0.000333 seconds.
  path: Assets/Sprites/Run (6).png
  artifactKey: Guid(21bdfbd7ad977415583d82672c28da6b) Importer(815301076,1909f56bfc062723c751e8b465ee728b)
Start importing Assets/Sprites/Run (6).png using Guid(21bdfbd7ad977415583d82672c28da6b) Importer(815301076,1909f56bfc062723c751e8b465ee728b)  -> (artifact id: '04d74b9e04f99888c9a56abf25b23e33') in 0.024805 seconds 
  Import took 0.030631 seconds .

========================================================================
Received Import Request.
  Time since last request: 0.000413 seconds.
  path: Assets/Sprites/Slide (1).png
  artifactKey: Guid(40c9dcd9c661742578a96556cc078b61) Importer(815301076,1909f56bfc062723c751e8b465ee728b)
Start importing Assets/Sprites/Slide (1).png using Guid(40c9dcd9c661742578a96556cc078b61) Importer(815301076,1909f56bfc062723c751e8b465ee728b)  -> (artifact id: 'cd0536b0c4b86fd3f10868d21c73eb02') in 0.019410 seconds 
  Import took 0.024107 seconds .

========================================================================
Received Import Request.
  Time since last request: 0.000375 seconds.
  path: Assets/Sprites/Run (4).png
  artifactKey: Guid(7dca461a8c8b74cc985630bbe85cef60) Importer(815301076,1909f56bfc062723c751e8b465ee728b)
Start importing Assets/Sprites/Run (4).png using Guid(7dca461a8c8b74cc985630bbe85cef60) Importer(815301076,1909f56bfc062723c751e8b465ee728b)  -> (artifact id: '9fd37d4c460f4b2e6cfea98e555f5c5c') in 0.025186 seconds 
  Import took 0.031309 seconds .

========================================================================
Received Import Request.
  Time since last request: 0.000544 seconds.
  path: Assets/Sprites/Run (5).png
  artifactKey: Guid(2c6c40cdf493f483fbb1ba000e25da0d) Importer(815301076,1909f56bfc062723c751e8b465ee728b)
Start importing Assets/Sprites/Run (5).png using Guid(2c6c40cdf493f483fbb1ba000e25da0d) Importer(815301076,1909f56bfc062723c751e8b465ee728b)  -> (artifact id: 'bed11fdc084a63cfd4c8ac2b6f935c5c') in 0.017480 seconds 
  Import took 0.024032 seconds .

========================================================================
Received Import Request.
  Time since last request: 0.000333 seconds.
  path: Assets/Sprites/Run (7).png
  artifactKey: Guid(f588a60c604eb44b19e1c134cccf225c) Importer(815301076,1909f56bfc062723c751e8b465ee728b)
Start importing Assets/Sprites/Run (7).png using Guid(f588a60c604eb44b19e1c134cccf225c) Importer(815301076,1909f56bfc062723c751e8b465ee728b)  -> (artifact id: '511adc75c06fdf12953a0146211207df') in 0.018035 seconds 
  Import took 0.023816 seconds .

========================================================================
Received Import Request.
  Time since last request: 0.000359 seconds.
  path: Assets/Sprites/Slide (3).png
  artifactKey: Guid(4b4d47464094b44129c0d77cf4038e61) Importer(815301076,1909f56bfc062723c751e8b465ee728b)
Start importing Assets/Sprites/Slide (3).png using Guid(4b4d47464094b44129c0d77cf4038e61) Importer(815301076,1909f56bfc062723c751e8b465ee728b)  -> (artifact id: '2720bee9c12e8fe4e96211038264ab0f') in 0.021244 seconds 
  Import took 0.026104 seconds .

========================================================================
Received Import Request.
  Time since last request: 0.000299 seconds.
  path: Assets/Sprites/Slide (2).png
  artifactKey: Guid(e01f459f9825b49c2b6edbfefd4a8baf) Importer(815301076,1909f56bfc062723c751e8b465ee728b)
Start importing Assets/Sprites/Slide (2).png using Guid(e01f459f9825b49c2b6edbfefd4a8baf) Importer(815301076,1909f56bfc062723c751e8b465ee728b)  -> (artifact id: 'a73f241deebae5bd798d322fc2de0082') in 0.040231 seconds 
  Import took 0.046259 seconds .

========================================================================
Received Prepare
Registering precompiled user dll's ...
Registered in 0.014432 seconds.
Begin MonoManager ReloadAssembly
Native extension for WindowsStandalone target not found
Native extension for OSXStandalone target not found
Refreshing native plugins compatible for Editor in 0.75 ms, found 3 plugins.
Preloading 0 native plugins for Editor in 0.00 ms.
Mono: successfully reloaded assembly
- Completed reload, in  1.811 seconds
Domain Reload Profiling:
	ReloadAssembly (1812ms)
		BeginReloadAssembly (191ms)
			ExecutionOrderSort (0ms)
			DisableScriptedObjects (10ms)
			BackupInstance (0ms)
			ReleaseScriptingObjects (0ms)
			CreateAndSetChildDomain (102ms)
		EndReloadAssembly (1525ms)
			LoadAssemblies (171ms)
			RebuildTransferFunctionScriptingTraits (0ms)
			SetupTypeCache (564ms)
			ReleaseScriptCaches (1ms)
			RebuildScriptCaches (80ms)
			SetupLoadedEditorAssemblies (532ms)
				LogAssemblyErrors (0ms)
				InitializePlatformSupportModulesInManaged (7ms)
				SetLoadedEditorAssemblies (1ms)
				RefreshPlugins (1ms)
				BeforeProcessingInitializeOnLoad (73ms)
				ProcessInitializeOnLoadAttributes (439ms)
				ProcessInitializeOnLoadMethodAttributes (9ms)
				AfterProcessingInitializeOnLoad (2ms)
				EditorAssembliesLoaded (0ms)
			ExecutionOrderSort2 (0ms)
			AwakeInstancesAfterBackupRestoration (17ms)
Platform modules already initialized, skipping
Refreshing native plugins compatible for Editor in 1.18 ms, found 3 plugins.
Preloading 0 native plugins for Editor in 0.00 ms.
Unloading 2082 Unused Serialized files (Serialized files now loaded: 0)
System memory in use before: 178.8 MB.
System memory in use after: 178.9 MB.

Unloading 16 unused Assets to reduce memory usage. Loaded Objects now: 2538.
Total: 5.452287 ms (FindLiveObjects: 0.285688 ms CreateObjectMapping: 0.123464 ms MarkObjects: 4.998163 ms  DeleteObjects: 0.043454 ms)

AssetImportParameters requested are different than current active one (requested -> active):
  custom:video-decoder-ogg-theora: a1e56fd34408186e4bbccfd4996cb3dc -> 
  custom:container-muxer-webm: aa71ff27fc2769a1b78a27578f13a17b -> 
  custom:container-demuxer-webm: 4f35f7cbe854078d1ac9338744f61a02 -> 
  custom:container-demuxer-ogg: 62fdf1f143b41e24485cea50d1cbac27 -> 
  custom:video-encoder-webm-vp8: eb34c28f22e8b96e1ab97ce403110664 -> 
  custom:framework-osx-AVFoundation: e770b220cccbd017edd2c1fefb359320 -> 
  custom:video-decoder-webm-vp8: 9c59270c3fd7afecdb556c50c9e8de78 -> 
  custom:audio-decoder-ogg-vorbis: bf7c407c2cedff20999df2af8eb42d56 -> 
  custom:audio-encoder-webm-vorbis: bf7c407c2cedff20999df2af8eb42d56 -> 
========================================================================
Received Import Request.
  Time since last request: 232.987684 seconds.
  path: Assets/Sprites/Slide (4).png
  artifactKey: Guid(6be29da0a5ae84f5c950814324acf278) Importer(815301076,1909f56bfc062723c751e8b465ee728b)
Start importing Assets/Sprites/Slide (4).png using Guid(6be29da0a5ae84f5c950814324acf278) Importer(815301076,1909f56bfc062723c751e8b465ee728b)  -> (artifact id: '080e9e72ed0390bc868db0471fe847d3') in 0.096426 seconds 
  Import took 0.102333 seconds .

========================================================================
Received Import Request.
  Time since last request: 0.000313 seconds.
  path: Assets/Sprites/Slide (7).png
  artifactKey: Guid(6ea64b580cf714d8eb407cf0b9085fdd) Importer(815301076,1909f56bfc062723c751e8b465ee728b)
Start importing Assets/Sprites/Slide (7).png using Guid(6ea64b580cf714d8eb407cf0b9085fdd) Importer(815301076,1909f56bfc062723c751e8b465ee728b)  -> (artifact id: '854e23fe625c76af6111f2c0932f8a25') in 0.017832 seconds 
  Import took 0.024900 seconds .

========================================================================
Received Import Request.
  Time since last request: 0.000283 seconds.
  path: Assets/Sprites/Slide (5).png
  artifactKey: Guid(00c9c0e5360574b6d948a9d1499dc7b5) Importer(815301076,1909f56bfc062723c751e8b465ee728b)
Start importing Assets/Sprites/Slide (5).png using Guid(00c9c0e5360574b6d948a9d1499dc7b5) Importer(815301076,1909f56bfc062723c751e8b465ee728b)  -> (artifact id: '13f5f899b7660a05a2993ab8ba62b8ef') in 0.028948 seconds 
  Import took 0.035566 seconds .

========================================================================
Received Import Request.
  Time since last request: 0.000411 seconds.
  path: Assets/Sprites/Slide (6).png
  artifactKey: Guid(2a2585eb175b04c8d9f3590a4e457ac0) Importer(815301076,1909f56bfc062723c751e8b465ee728b)
Start importing Assets/Sprites/Slide (6).png using Guid(2a2585eb175b04c8d9f3590a4e457ac0) Importer(815301076,1909f56bfc062723c751e8b465ee728b)  -> (artifact id: '18a31066754872dd50f7580544671c16') in 0.024720 seconds 
  Import took 0.031364 seconds .

========================================================================
Received Import Request.
  Time since last request: 0.000285 seconds.
  path: Assets/Sprites/Slide (8).png
  artifactKey: Guid(ed3afeaf1f70f4b6c923829e520c04cc) Importer(815301076,1909f56bfc062723c751e8b465ee728b)
Start importing Assets/Sprites/Slide (8).png using Guid(ed3afeaf1f70f4b6c923829e520c04cc) Importer(815301076,1909f56bfc062723c751e8b465ee728b)  -> (artifact id: 'a9421250c0886c4a37d7cde927be51d2') in 0.021193 seconds 
  Import took 0.026761 seconds .

========================================================================
Received Import Request.
  Time since last request: 0.000327 seconds.
  path: Assets/Sprites/Slide (4).png
  artifactKey: Guid(6be29da0a5ae84f5c950814324acf278) Importer(815301076,1909f56bfc062723c751e8b465ee728b)
Start importing Assets/Sprites/Slide (4).png using Guid(6be29da0a5ae84f5c950814324acf278) Importer(815301076,1909f56bfc062723c751e8b465ee728b)  -> (artifact id: '080e9e72ed0390bc868db0471fe847d3') in 0.015655 seconds 
  Import took 0.021278 seconds .

========================================================================
Received Import Request.
  Time since last request: 0.000404 seconds.
  path: Assets/Sprites/Slide (9).png
  artifactKey: Guid(a7057e131a24f49a0bb44ff94724437a) Importer(815301076,1909f56bfc062723c751e8b465ee728b)
Start importing Assets/Sprites/Slide (9).png using Guid(a7057e131a24f49a0bb44ff94724437a) Importer(815301076,1909f56bfc062723c751e8b465ee728b)  -> (artifact id: '45279b13dbe81314be35fd0114806015') in 0.031947 seconds 
  Import took 0.036963 seconds .

========================================================================
Received Import Request.
  Time since last request: 0.003608 seconds.
  path: Assets/Sprites/Slide (9).png
  artifactKey: Guid(a7057e131a24f49a0bb44ff94724437a) Importer(815301076,1909f56bfc062723c751e8b465ee728b)
Start importing Assets/Sprites/Slide (9).png using Guid(a7057e131a24f49a0bb44ff94724437a) Importer(815301076,1909f56bfc062723c751e8b465ee728b)  -> (artifact id: '45279b13dbe81314be35fd0114806015') in 0.016523 seconds 
  Import took 0.021850 seconds .

========================================================================
Received Import Request.
  Time since last request: 0.178174 seconds.
  path: Assets/Sprites/Slide (10).png
  artifactKey: Guid(aca4388c7999d4bb8af991798b9029f9) Importer(815301076,1909f56bfc062723c751e8b465ee728b)
Start importing Assets/Sprites/Slide (10).png using Guid(aca4388c7999d4bb8af991798b9029f9) Importer(815301076,1909f56bfc062723c751e8b465ee728b)  -> (artifact id: 'c5375df59afa98942e3fd8bc27914e3d') in 0.060572 seconds 
  Import took 0.069323 seconds .

========================================================================
Received Import Request.
  Time since last request: 0.013731 seconds.
  path: Assets/Sprites/Walk (1).png
  artifactKey: Guid(bcf2934267b2440569e5f3fc3851eadb) Importer(815301076,1909f56bfc062723c751e8b465ee728b)
Start importing Assets/Sprites/Walk (1).png using Guid(bcf2934267b2440569e5f3fc3851eadb) Importer(815301076,1909f56bfc062723c751e8b465ee728b)  -> (artifact id: '262f465e326d87da5d0d246f72c01e84') in 0.032601 seconds 
  Import took 0.040253 seconds .

========================================================================
Received Import Request.
  Time since last request: 0.008695 seconds.
  path: Assets/Sprites/Walk (3).png
  artifactKey: Guid(91c5880ef310643a1a732e5ef8571ec7) Importer(815301076,1909f56bfc062723c751e8b465ee728b)
Start importing Assets/Sprites/Walk (3).png using Guid(91c5880ef310643a1a732e5ef8571ec7) Importer(815301076,1909f56bfc062723c751e8b465ee728b)  -> (artifact id: '19e2810f658078f34fa9cc6657a8da34') in 0.032103 seconds 
  Import took 0.039244 seconds .

========================================================================
Received Import Request.
  Time since last request: 0.048380 seconds.
  path: Assets/Sprites/Walk (6).png
  artifactKey: Guid(d363abbd9b6c04062b8d6d930dfd061a) Importer(815301076,1909f56bfc062723c751e8b465ee728b)
Start importing Assets/Sprites/Walk (6).png using Guid(d363abbd9b6c04062b8d6d930dfd061a) Importer(815301076,1909f56bfc062723c751e8b465ee728b)  -> (artifact id: '017795b0c63fbbf008677bd506b5a03c') in 0.033518 seconds 
  Import took 0.040209 seconds .

========================================================================
Received Import Request.
  Time since last request: 0.000350 seconds.
  path: Assets/Sprites/Walk (7).png
  artifactKey: Guid(f91c1bc0d72484485b74ac29a514a220) Importer(815301076,1909f56bfc062723c751e8b465ee728b)
Start importing Assets/Sprites/Walk (7).png using Guid(f91c1bc0d72484485b74ac29a514a220) Importer(815301076,1909f56bfc062723c751e8b465ee728b)  -> (artifact id: '8c2916453dd4a47255101846d62d0859') in 0.025039 seconds 
  Import took 0.034481 seconds .

========================================================================
Received Import Request.
  Time since last request: 0.000808 seconds.
  path: Assets/Sprites/Walk (4).png
  artifactKey: Guid(77f846ed2f51449dcb5988df1a251449) Importer(815301076,1909f56bfc062723c751e8b465ee728b)
Start importing Assets/Sprites/Walk (4).png using Guid(77f846ed2f51449dcb5988df1a251449) Importer(815301076,1909f56bfc062723c751e8b465ee728b)  -> (artifact id: '2ca67d1527883d5042f4bb1cf2ee9719') in 0.036973 seconds 
  Import took 0.048215 seconds .

========================================================================
Received Import Request.
  Time since last request: 0.000334 seconds.
  path: Assets/Sprites/Walk (5).png
  artifactKey: Guid(035e3d8f8027c4ebea75e97e4c9d981f) Importer(815301076,1909f56bfc062723c751e8b465ee728b)
Start importing Assets/Sprites/Walk (5).png using Guid(035e3d8f8027c4ebea75e97e4c9d981f) Importer(815301076,1909f56bfc062723c751e8b465ee728b)  -> (artifact id: '43713c784cc898b6f9c09849c31cfc89') in 0.041086 seconds 
  Import took 0.049312 seconds .

========================================================================
Received Import Request.
  Time since last request: 0.000412 seconds.
  path: Assets/Sprites/Walk (2).png
  artifactKey: Guid(0cf93f8b7ff194bafae5cd80770c5853) Importer(815301076,1909f56bfc062723c751e8b465ee728b)
Start importing Assets/Sprites/Walk (2).png using Guid(0cf93f8b7ff194bafae5cd80770c5853) Importer(815301076,1909f56bfc062723c751e8b465ee728b)  -> (artifact id: '60531ab405aadbd3ff24a64f19b61939') in 0.058773 seconds 
  Import took 0.065956 seconds .

========================================================================
Received Import Request.
  Time since last request: 0.544035 seconds.
  path: Assets/Sprites/Walk (8).png
  artifactKey: Guid(5282eba36e0064d538902e887515ce4f) Importer(815301076,1909f56bfc062723c751e8b465ee728b)
Start importing Assets/Sprites/Walk (8).png using Guid(5282eba36e0064d538902e887515ce4f) Importer(815301076,1909f56bfc062723c751e8b465ee728b)  -> (artifact id: '108398c7d43ef02febbc0fe4c4317515') in 0.017254 seconds 
  Import took 0.024206 seconds .

========================================================================
Received Import Request.
  Time since last request: 0.000709 seconds.
  path: Assets/Sprites/Walk (9).png
  artifactKey: Guid(8340efa83fa4845339110c7d77b14e26) Importer(815301076,1909f56bfc062723c751e8b465ee728b)
Start importing Assets/Sprites/Walk (9).png using Guid(8340efa83fa4845339110c7d77b14e26) Importer(815301076,1909f56bfc062723c751e8b465ee728b)  -> (artifact id: 'e538a119d5bca199f3263a92f79bc626') in 0.023858 seconds 
  Import took 0.032067 seconds .

========================================================================
Received Import Request.
  Time since last request: 0.000457 seconds.
  path: Assets/Sprites/Walk (10).png
  artifactKey: Guid(68add11a7963341baa2a157a5a053784) Importer(815301076,1909f56bfc062723c751e8b465ee728b)
Start importing Assets/Sprites/Walk (10).png using Guid(68add11a7963341baa2a157a5a053784) Importer(815301076,1909f56bfc062723c751e8b465ee728b)  -> (artifact id: '56618687e0af7232c80c646c8f11cc4b') in 0.040136 seconds 
  Import took 0.051374 seconds .

========================================================================
Received Import Request.
  Time since last request: 0.000410 seconds.
  path: Assets/Sprites/Walk (9).png
  artifactKey: Guid(8340efa83fa4845339110c7d77b14e26) Importer(815301076,1909f56bfc062723c751e8b465ee728b)
Start importing Assets/Sprites/Walk (9).png using Guid(8340efa83fa4845339110c7d77b14e26) Importer(815301076,1909f56bfc062723c751e8b465ee728b)  -> (artifact id: 'e538a119d5bca199f3263a92f79bc626') in 0.025598 seconds 
  Import took 0.036025 seconds .

========================================================================
Received Import Request.
  Time since last request: 0.000381 seconds.
  path: Assets/Sprites/Walk (8).png
  artifactKey: Guid(5282eba36e0064d538902e887515ce4f) Importer(815301076,1909f56bfc062723c751e8b465ee728b)
Start importing Assets/Sprites/Walk (8).png using Guid(5282eba36e0064d538902e887515ce4f) Importer(815301076,1909f56bfc062723c751e8b465ee728b)  -> (artifact id: '108398c7d43ef02febbc0fe4c4317515') in 0.029522 seconds 
  Import took 0.039365 seconds .

========================================================================
Received Import Request.
  Time since last request: 252.684891 seconds.
  path: Assets/Sprites/Idle (1).controller
  artifactKey: Guid(0fa1f8784d58f4ab28982e2656de443c) Importer(815301076,1909f56bfc062723c751e8b465ee728b)
Start importing Assets/Sprites/Idle (1).controller using Guid(0fa1f8784d58f4ab28982e2656de443c) Importer(815301076,1909f56bfc062723c751e8b465ee728b)  -> (artifact id: 'cb280b2dc58f44894ebe9ab0cf2131a7') in 1.600252 seconds 
  Import took 1.605872 seconds .

========================================================================
Received Prepare
Registering precompiled user dll's ...
Registered in 0.013340 seconds.
Begin MonoManager ReloadAssembly
Native extension for WindowsStandalone target not found
Native extension for OSXStandalone target not found
Refreshing native plugins compatible for Editor in 0.54 ms, found 3 plugins.
Preloading 0 native plugins for Editor in 0.00 ms.
Mono: successfully reloaded assembly
- Completed reload, in  1.796 seconds
Domain Reload Profiling:
	ReloadAssembly (1796ms)
		BeginReloadAssembly (208ms)
			ExecutionOrderSort (0ms)
			DisableScriptedObjects (9ms)
			BackupInstance (0ms)
			ReleaseScriptingObjects (0ms)
			CreateAndSetChildDomain (109ms)
		EndReloadAssembly (1476ms)
			LoadAssemblies (171ms)
			RebuildTransferFunctionScriptingTraits (0ms)
			SetupTypeCache (531ms)
			ReleaseScriptCaches (1ms)
			RebuildScriptCaches (81ms)
			SetupLoadedEditorAssemblies (518ms)
				LogAssemblyErrors (0ms)
				InitializePlatformSupportModulesInManaged (9ms)
				SetLoadedEditorAssemblies (1ms)
				RefreshPlugins (1ms)
				BeforeProcessingInitializeOnLoad (78ms)
				ProcessInitializeOnLoadAttributes (420ms)
				ProcessInitializeOnLoadMethodAttributes (9ms)
				AfterProcessingInitializeOnLoad (2ms)
				EditorAssembliesLoaded (0ms)
			ExecutionOrderSort2 (0ms)
			AwakeInstancesAfterBackupRestoration (16ms)
Platform modules already initialized, skipping
Refreshing native plugins compatible for Editor in 0.60 ms, found 3 plugins.
Preloading 0 native plugins for Editor in 0.00 ms.
Unloading 2082 Unused Serialized files (Serialized files now loaded: 0)
System memory in use before: 183.6 MB.
System memory in use after: 183.7 MB.

Unloading 16 unused Assets to reduce memory usage. Loaded Objects now: 2542.
Total: 5.449030 ms (FindLiveObjects: 0.322748 ms CreateObjectMapping: 0.117228 ms MarkObjects: 4.978943 ms  DeleteObjects: 0.028284 ms)

AssetImportParameters requested are different than current active one (requested -> active):
  custom:video-decoder-ogg-theora: a1e56fd34408186e4bbccfd4996cb3dc -> 
  custom:container-muxer-webm: aa71ff27fc2769a1b78a27578f13a17b -> 
  custom:container-demuxer-webm: 4f35f7cbe854078d1ac9338744f61a02 -> 
  custom:container-demuxer-ogg: 62fdf1f143b41e24485cea50d1cbac27 -> 
  custom:video-encoder-webm-vp8: eb34c28f22e8b96e1ab97ce403110664 -> 
  custom:framework-osx-AVFoundation: e770b220cccbd017edd2c1fefb359320 -> 
  custom:video-decoder-webm-vp8: 9c59270c3fd7afecdb556c50c9e8de78 -> 
  custom:audio-decoder-ogg-vorbis: bf7c407c2cedff20999df2af8eb42d56 -> 
  custom:audio-encoder-webm-vorbis: bf7c407c2cedff20999df2af8eb42d56 -> 
========================================================================
Received Prepare
Registering precompiled user dll's ...
Registered in 0.004494 seconds.
Begin MonoManager ReloadAssembly
Native extension for WindowsStandalone target not found
Native extension for OSXStandalone target not found
Refreshing native plugins compatible for Editor in 0.71 ms, found 3 plugins.
Preloading 0 native plugins for Editor in 0.00 ms.
Mono: successfully reloaded assembly
- Completed reload, in  2.054 seconds
Domain Reload Profiling:
	ReloadAssembly (2055ms)
		BeginReloadAssembly (177ms)
			ExecutionOrderSort (0ms)
			DisableScriptedObjects (9ms)
			BackupInstance (0ms)
			ReleaseScriptingObjects (0ms)
			CreateAndSetChildDomain (93ms)
		EndReloadAssembly (1777ms)
			LoadAssemblies (104ms)
			RebuildTransferFunctionScriptingTraits (0ms)
			SetupTypeCache (615ms)
			ReleaseScriptCaches (1ms)
			RebuildScriptCaches (84ms)
			SetupLoadedEditorAssemblies (781ms)
				LogAssemblyErrors (0ms)
				InitializePlatformSupportModulesInManaged (12ms)
				SetLoadedEditorAssemblies (2ms)
				RefreshPlugins (1ms)
				BeforeProcessingInitializeOnLoad (123ms)
				ProcessInitializeOnLoadAttributes (629ms)
				ProcessInitializeOnLoadMethodAttributes (10ms)
				AfterProcessingInitializeOnLoad (3ms)
				EditorAssembliesLoaded (0ms)
			ExecutionOrderSort2 (0ms)
			AwakeInstancesAfterBackupRestoration (21ms)
Platform modules already initialized, skipping
Refreshing native plugins compatible for Editor in 0.56 ms, found 3 plugins.
Preloading 0 native plugins for Editor in 0.00 ms.
Unloading 2082 Unused Serialized files (Serialized files now loaded: 0)
System memory in use before: 183.8 MB.
System memory in use after: 183.9 MB.

Unloading 16 unused Assets to reduce memory usage. Loaded Objects now: 2545.
Total: 5.735746 ms (FindLiveObjects: 0.280928 ms CreateObjectMapping: 0.083602 ms MarkObjects: 5.329488 ms  DeleteObjects: 0.040178 ms)

AssetImportParameters requested are different than current active one (requested -> active):
  custom:video-decoder-ogg-theora: a1e56fd34408186e4bbccfd4996cb3dc -> 
  custom:container-muxer-webm: aa71ff27fc2769a1b78a27578f13a17b -> 
  custom:container-demuxer-webm: 4f35f7cbe854078d1ac9338744f61a02 -> 
  custom:container-demuxer-ogg: 62fdf1f143b41e24485cea50d1cbac27 -> 
  custom:video-encoder-webm-vp8: eb34c28f22e8b96e1ab97ce403110664 -> 
  custom:framework-osx-AVFoundation: e770b220cccbd017edd2c1fefb359320 -> 
  custom:video-decoder-webm-vp8: 9c59270c3fd7afecdb556c50c9e8de78 -> 
  custom:audio-decoder-ogg-vorbis: bf7c407c2cedff20999df2af8eb42d56 -> 
  custom:audio-encoder-webm-vorbis: bf7c407c2cedff20999df2af8eb42d56 -> 
========================================================================
Received Prepare
Registering precompiled user dll's ...
Registered in 0.005491 seconds.
Begin MonoManager ReloadAssembly
Native extension for WindowsStandalone target not found
Native extension for OSXStandalone target not found
Refreshing native plugins compatible for Editor in 0.66 ms, found 3 plugins.
Preloading 0 native plugins for Editor in 0.00 ms.
Mono: successfully reloaded assembly
- Completed reload, in  1.601 seconds
Domain Reload Profiling:
	ReloadAssembly (1602ms)
		BeginReloadAssembly (240ms)
			ExecutionOrderSort (0ms)
			DisableScriptedObjects (14ms)
			BackupInstance (0ms)
			ReleaseScriptingObjects (0ms)
			CreateAndSetChildDomain (146ms)
		EndReloadAssembly (1279ms)
			LoadAssemblies (100ms)
			RebuildTransferFunctionScriptingTraits (0ms)
			SetupTypeCache (480ms)
			ReleaseScriptCaches (1ms)
			RebuildScriptCaches (69ms)
			SetupLoadedEditorAssemblies (474ms)
				LogAssemblyErrors (0ms)
				InitializePlatformSupportModulesInManaged (6ms)
				SetLoadedEditorAssemblies (1ms)
				RefreshPlugins (1ms)
				BeforeProcessingInitializeOnLoad (62ms)
				ProcessInitializeOnLoadAttributes (393ms)
				ProcessInitializeOnLoadMethodAttributes (10ms)
				AfterProcessingInitializeOnLoad (2ms)
				EditorAssembliesLoaded (0ms)
			ExecutionOrderSort2 (0ms)
			AwakeInstancesAfterBackupRestoration (17ms)
Platform modules already initialized, skipping
Refreshing native plugins compatible for Editor in 0.63 ms, found 3 plugins.
Preloading 0 native plugins for Editor in 0.00 ms.
Unloading 2082 Unused Serialized files (Serialized files now loaded: 0)
System memory in use before: 184.0 MB.
System memory in use after: 184.1 MB.

Unloading 16 unused Assets to reduce memory usage. Loaded Objects now: 2548.
Total: 5.222355 ms (FindLiveObjects: 0.324519 ms CreateObjectMapping: 0.122572 ms MarkObjects: 4.745591 ms  DeleteObjects: 0.028275 ms)

AssetImportParameters requested are different than current active one (requested -> active):
  custom:video-decoder-ogg-theora: a1e56fd34408186e4bbccfd4996cb3dc -> 
  custom:container-muxer-webm: aa71ff27fc2769a1b78a27578f13a17b -> 
  custom:container-demuxer-webm: 4f35f7cbe854078d1ac9338744f61a02 -> 
  custom:container-demuxer-ogg: 62fdf1f143b41e24485cea50d1cbac27 -> 
  custom:video-encoder-webm-vp8: eb34c28f22e8b96e1ab97ce403110664 -> 
  custom:framework-osx-AVFoundation: e770b220cccbd017edd2c1fefb359320 -> 
  custom:video-decoder-webm-vp8: 9c59270c3fd7afecdb556c50c9e8de78 -> 
  custom:audio-decoder-ogg-vorbis: bf7c407c2cedff20999df2af8eb42d56 -> 
  custom:audio-encoder-webm-vorbis: bf7c407c2cedff20999df2af8eb42d56 -> 
========================================================================
Received Import Request.
  Time since last request: 1611.435459 seconds.
  path: Assets/Scripts/playSound.cs
  artifactKey: Guid(cf8321e77a01e43c59ef9397fc6b7f2f) Importer(815301076,1909f56bfc062723c751e8b465ee728b)
Start importing Assets/Scripts/playSound.cs using Guid(cf8321e77a01e43c59ef9397fc6b7f2f) Importer(815301076,1909f56bfc062723c751e8b465ee728b)  -> (artifact id: 'f0fc9e049a8a0ed498e780417b68beba') in 0.526243 seconds 
  Import took 0.531115 seconds .

========================================================================
Received Prepare
Registering precompiled user dll's ...
Registered in 0.002568 seconds.
Begin MonoManager ReloadAssembly
Native extension for WindowsStandalone target not found
Native extension for OSXStandalone target not found
Refreshing native plugins compatible for Editor in 0.59 ms, found 3 plugins.
Preloading 0 native plugins for Editor in 0.00 ms.
Mono: successfully reloaded assembly
- Completed reload, in  1.633 seconds
Domain Reload Profiling:
	ReloadAssembly (1633ms)
		BeginReloadAssembly (176ms)
			ExecutionOrderSort (0ms)
			DisableScriptedObjects (10ms)
			BackupInstance (0ms)
			ReleaseScriptingObjects (0ms)
			CreateAndSetChildDomain (97ms)
		EndReloadAssembly (1364ms)
			LoadAssemblies (100ms)
			RebuildTransferFunctionScriptingTraits (0ms)
			SetupTypeCache (498ms)
			ReleaseScriptCaches (1ms)
			RebuildScriptCaches (76ms)
			SetupLoadedEditorAssemblies (509ms)
				LogAssemblyErrors (0ms)
				InitializePlatformSupportModulesInManaged (7ms)
				SetLoadedEditorAssemblies (1ms)
				RefreshPlugins (1ms)
				BeforeProcessingInitializeOnLoad (69ms)
				ProcessInitializeOnLoadAttributes (420ms)
				ProcessInitializeOnLoadMethodAttributes (9ms)
				AfterProcessingInitializeOnLoad (2ms)
				EditorAssembliesLoaded (0ms)
			ExecutionOrderSort2 (0ms)
			AwakeInstancesAfterBackupRestoration (16ms)
Platform modules already initialized, skipping
Refreshing native plugins compatible for Editor in 0.54 ms, found 3 plugins.
Preloading 0 native plugins for Editor in 0.00 ms.
Unloading 2082 Unused Serialized files (Serialized files now loaded: 0)
System memory in use before: 188.5 MB.
System memory in use after: 188.6 MB.

Unloading 16 unused Assets to reduce memory usage. Loaded Objects now: 2551.
Total: 3.950170 ms (FindLiveObjects: 0.253681 ms CreateObjectMapping: 0.092546 ms MarkObjects: 3.578203 ms  DeleteObjects: 0.024591 ms)

AssetImportParameters requested are different than current active one (requested -> active):
  custom:video-decoder-ogg-theora: a1e56fd34408186e4bbccfd4996cb3dc -> 
  custom:container-muxer-webm: aa71ff27fc2769a1b78a27578f13a17b -> 
  custom:container-demuxer-webm: 4f35f7cbe854078d1ac9338744f61a02 -> 
  custom:container-demuxer-ogg: 62fdf1f143b41e24485cea50d1cbac27 -> 
  custom:video-encoder-webm-vp8: eb34c28f22e8b96e1ab97ce403110664 -> 
  custom:framework-osx-AVFoundation: e770b220cccbd017edd2c1fefb359320 -> 
  custom:video-decoder-webm-vp8: 9c59270c3fd7afecdb556c50c9e8de78 -> 
  custom:audio-decoder-ogg-vorbis: bf7c407c2cedff20999df2af8eb42d56 -> 
  custom:audio-encoder-webm-vorbis: bf7c407c2cedff20999df2af8eb42d56 -> 
========================================================================
Received Prepare
Registering precompiled user dll's ...
Registered in 0.002894 seconds.
Begin MonoManager ReloadAssembly
Native extension for WindowsStandalone target not found
Native extension for OSXStandalone target not found
Refreshing native plugins compatible for Editor in 0.93 ms, found 3 plugins.
Preloading 0 native plugins for Editor in 0.00 ms.
Mono: successfully reloaded assembly
- Completed reload, in  2.123 seconds
Domain Reload Profiling:
	ReloadAssembly (2124ms)
		BeginReloadAssembly (200ms)
			ExecutionOrderSort (0ms)
			DisableScriptedObjects (9ms)
			BackupInstance (0ms)
			ReleaseScriptingObjects (0ms)
			CreateAndSetChildDomain (105ms)
		EndReloadAssembly (1820ms)
			LoadAssemblies (107ms)
			RebuildTransferFunctionScriptingTraits (0ms)
			SetupTypeCache (597ms)
			ReleaseScriptCaches (1ms)
			RebuildScriptCaches (127ms)
			SetupLoadedEditorAssemblies (679ms)
				LogAssemblyErrors (0ms)
				InitializePlatformSupportModulesInManaged (14ms)
				SetLoadedEditorAssemblies (1ms)
				RefreshPlugins (1ms)
				BeforeProcessingInitializeOnLoad (88ms)
				ProcessInitializeOnLoadAttributes (562ms)
				ProcessInitializeOnLoadMethodAttributes (11ms)
				AfterProcessingInitializeOnLoad (2ms)
				EditorAssembliesLoaded (0ms)
			ExecutionOrderSort2 (0ms)
			AwakeInstancesAfterBackupRestoration (17ms)
Platform modules already initialized, skipping
Refreshing native plugins compatible for Editor in 0.83 ms, found 3 plugins.
Preloading 0 native plugins for Editor in 0.00 ms.
Unloading 2082 Unused Serialized files (Serialized files now loaded: 0)
System memory in use before: 188.7 MB.
System memory in use after: 188.8 MB.

Unloading 16 unused Assets to reduce memory usage. Loaded Objects now: 2554.
Total: 4.982202 ms (FindLiveObjects: 0.365724 ms CreateObjectMapping: 0.128461 ms MarkObjects: 4.454505 ms  DeleteObjects: 0.031870 ms)

AssetImportParameters requested are different than current active one (requested -> active):
  custom:video-decoder-ogg-theora: a1e56fd34408186e4bbccfd4996cb3dc -> 
  custom:container-muxer-webm: aa71ff27fc2769a1b78a27578f13a17b -> 
  custom:container-demuxer-webm: 4f35f7cbe854078d1ac9338744f61a02 -> 
  custom:container-demuxer-ogg: 62fdf1f143b41e24485cea50d1cbac27 -> 
  custom:video-encoder-webm-vp8: eb34c28f22e8b96e1ab97ce403110664 -> 
  custom:framework-osx-AVFoundation: e770b220cccbd017edd2c1fefb359320 -> 
  custom:video-decoder-webm-vp8: 9c59270c3fd7afecdb556c50c9e8de78 -> 
  custom:audio-decoder-ogg-vorbis: bf7c407c2cedff20999df2af8eb42d56 -> 
  custom:audio-encoder-webm-vorbis: bf7c407c2cedff20999df2af8eb42d56 -> 
========================================================================
Received Import Request.
  Time since last request: 315.842597 seconds.
  path: Assets/Scripts/playSound.cs
  artifactKey: Guid(cf8321e77a01e43c59ef9397fc6b7f2f) Importer(815301076,1909f56bfc062723c751e8b465ee728b)
Start importing Assets/Scripts/playSound.cs using Guid(cf8321e77a01e43c59ef9397fc6b7f2f) Importer(815301076,1909f56bfc062723c751e8b465ee728b)  -> (artifact id: '739bd170b25dfae2e3da320773f624c0') in 0.007359 seconds 
  Import took 0.017473 seconds .

========================================================================
Received Import Request.
  Time since last request: 18.932033 seconds.
  path: Assets/Scripts/playSound.cs
  artifactKey: Guid(cf8321e77a01e43c59ef9397fc6b7f2f) Importer(815301076,1909f56bfc062723c751e8b465ee728b)
Start importing Assets/Scripts/playSound.cs using Guid(cf8321e77a01e43c59ef9397fc6b7f2f) Importer(815301076,1909f56bfc062723c751e8b465ee728b)  -> (artifact id: '58d4e71c6ec31677d7e2c1ec9bf1c8a8') in 0.003158 seconds 
  Import took 0.009863 seconds .

========================================================================
Received Import Request.
  Time since last request: 0.008869 seconds.
  path: Assets/Scripts/playSound.cs
  artifactKey: Guid(cf8321e77a01e43c59ef9397fc6b7f2f) Importer(815301076,1909f56bfc062723c751e8b465ee728b)
Start importing Assets/Scripts/playSound.cs using Guid(cf8321e77a01e43c59ef9397fc6b7f2f) Importer(815301076,1909f56bfc062723c751e8b465ee728b)  -> (artifact id: '58d4e71c6ec31677d7e2c1ec9bf1c8a8') in 0.003671 seconds 
  Import took 0.015045 seconds .

========================================================================
Received Import Request.
  Time since last request: 40.208335 seconds.
  path: Assets/Scripts/playSound.cs
  artifactKey: Guid(cf8321e77a01e43c59ef9397fc6b7f2f) Importer(815301076,1909f56bfc062723c751e8b465ee728b)
Start importing Assets/Scripts/playSound.cs using Guid(cf8321e77a01e43c59ef9397fc6b7f2f) Importer(815301076,1909f56bfc062723c751e8b465ee728b)  -> (artifact id: '2f5c9c3da1cccd17d17778e9db85f959') in 0.003379 seconds 
  Import took 0.010045 seconds .

========================================================================
Received Prepare
Registering precompiled user dll's ...
Registered in 0.004814 seconds.
Begin MonoManager ReloadAssembly
Native extension for WindowsStandalone target not found
Native extension for OSXStandalone target not found
Refreshing native plugins compatible for Editor in 0.58 ms, found 3 plugins.
Preloading 0 native plugins for Editor in 0.00 ms.
Mono: successfully reloaded assembly
- Completed reload, in  1.579 seconds
Domain Reload Profiling:
	ReloadAssembly (1580ms)
		BeginReloadAssembly (179ms)
			ExecutionOrderSort (0ms)
			DisableScriptedObjects (9ms)
			BackupInstance (0ms)
			ReleaseScriptingObjects (0ms)
			CreateAndSetChildDomain (95ms)
		EndReloadAssembly (1317ms)
			LoadAssemblies (98ms)
			RebuildTransferFunctionScriptingTraits (0ms)
			SetupTypeCache (464ms)
			ReleaseScriptCaches (1ms)
			RebuildScriptCaches (77ms)
			SetupLoadedEditorAssemblies (506ms)
				LogAssemblyErrors (0ms)
				InitializePlatformSupportModulesInManaged (7ms)
				SetLoadedEditorAssemblies (1ms)
				RefreshPlugins (1ms)
				BeforeProcessingInitializeOnLoad (66ms)
				ProcessInitializeOnLoadAttributes (421ms)
				ProcessInitializeOnLoadMethodAttributes (9ms)
				AfterProcessingInitializeOnLoad (2ms)
				EditorAssembliesLoaded (0ms)
			ExecutionOrderSort2 (0ms)
			AwakeInstancesAfterBackupRestoration (16ms)
Platform modules already initialized, skipping
Refreshing native plugins compatible for Editor in 0.76 ms, found 3 plugins.
Preloading 0 native plugins for Editor in 0.00 ms.
Unloading 2082 Unused Serialized files (Serialized files now loaded: 0)
System memory in use before: 188.9 MB.
System memory in use after: 189.0 MB.

Unloading 16 unused Assets to reduce memory usage. Loaded Objects now: 2557.
Total: 5.077428 ms (FindLiveObjects: 0.374097 ms CreateObjectMapping: 0.119144 ms MarkObjects: 4.556278 ms  DeleteObjects: 0.026493 ms)

AssetImportParameters requested are different than current active one (requested -> active):
  custom:video-decoder-ogg-theora: a1e56fd34408186e4bbccfd4996cb3dc -> 
  custom:container-muxer-webm: aa71ff27fc2769a1b78a27578f13a17b -> 
  custom:container-demuxer-webm: 4f35f7cbe854078d1ac9338744f61a02 -> 
  custom:container-demuxer-ogg: 62fdf1f143b41e24485cea50d1cbac27 -> 
  custom:video-encoder-webm-vp8: eb34c28f22e8b96e1ab97ce403110664 -> 
  custom:framework-osx-AVFoundation: e770b220cccbd017edd2c1fefb359320 -> 
  custom:video-decoder-webm-vp8: 9c59270c3fd7afecdb556c50c9e8de78 -> 
  custom:audio-decoder-ogg-vorbis: bf7c407c2cedff20999df2af8eb42d56 -> 
  custom:audio-encoder-webm-vorbis: bf7c407c2cedff20999df2af8eb42d56 -> 
========================================================================
Received Import Request.
  Time since last request: 75.088272 seconds.
  path: Assets/Scripts/playSound.cs
  artifactKey: Guid(cf8321e77a01e43c59ef9397fc6b7f2f) Importer(815301076,1909f56bfc062723c751e8b465ee728b)
Start importing Assets/Scripts/playSound.cs using Guid(cf8321e77a01e43c59ef9397fc6b7f2f) Importer(815301076,1909f56bfc062723c751e8b465ee728b)  -> (artifact id: 'c025c2419f1b256cff394b53f8b2ccc0') in 0.006399 seconds 
  Import took 0.011400 seconds .

========================================================================
Received Prepare
Refreshing native plugins compatible for Editor in 10.93 ms, found 3 plugins.
Preloading 0 native plugins for Editor in 0.00 ms.
Unloading 14 Unused Serialized files (Serialized files now loaded: 0)
System memory in use before: 148.2 MB.
System memory in use after: 148.4 MB.

Unloading 14 unused Assets to reduce memory usage. Loaded Objects now: 2557.
Total: 4.173692 ms (FindLiveObjects: 0.258213 ms CreateObjectMapping: 0.100364 ms MarkObjects: 3.791198 ms  DeleteObjects: 0.022785 ms)

AssetImportParameters requested are different than current active one (requested -> active):
  custom:video-decoder-ogg-theora: a1e56fd34408186e4bbccfd4996cb3dc -> 
  custom:container-muxer-webm: aa71ff27fc2769a1b78a27578f13a17b -> 
  custom:container-demuxer-webm: 4f35f7cbe854078d1ac9338744f61a02 -> 
  custom:container-demuxer-ogg: 62fdf1f143b41e24485cea50d1cbac27 -> 
  custom:video-encoder-webm-vp8: eb34c28f22e8b96e1ab97ce403110664 -> 
  custom:framework-osx-AVFoundation: e770b220cccbd017edd2c1fefb359320 -> 
  custom:video-decoder-webm-vp8: 9c59270c3fd7afecdb556c50c9e8de78 -> 
  custom:audio-decoder-ogg-vorbis: bf7c407c2cedff20999df2af8eb42d56 -> 
  custom:audio-encoder-webm-vorbis: bf7c407c2cedff20999df2af8eb42d56 -> 
========================================================================
Received Prepare
Registering precompiled user dll's ...
Registered in 0.002413 seconds.
Begin MonoManager ReloadAssembly
Native extension for WindowsStandalone target not found
Native extension for OSXStandalone target not found
Refreshing native plugins compatible for Editor in 1.03 ms, found 3 plugins.
Preloading 0 native plugins for Editor in 0.00 ms.
Mono: successfully reloaded assembly
- Completed reload, in  5.180 seconds
Domain Reload Profiling:
	ReloadAssembly (5181ms)
		BeginReloadAssembly (342ms)
			ExecutionOrderSort (0ms)
			DisableScriptedObjects (13ms)
			BackupInstance (0ms)
			ReleaseScriptingObjects (0ms)
			CreateAndSetChildDomain (169ms)
		EndReloadAssembly (4427ms)
			LoadAssemblies (210ms)
			RebuildTransferFunctionScriptingTraits (0ms)
			SetupTypeCache (2449ms)
			ReleaseScriptCaches (2ms)
			RebuildScriptCaches (791ms)
			SetupLoadedEditorAssemblies (613ms)
				LogAssemblyErrors (0ms)
				InitializePlatformSupportModulesInManaged (13ms)
				SetLoadedEditorAssemblies (1ms)
				RefreshPlugins (1ms)
				BeforeProcessingInitializeOnLoad (125ms)
				ProcessInitializeOnLoadAttributes (460ms)
				ProcessInitializeOnLoadMethodAttributes (9ms)
				AfterProcessingInitializeOnLoad (2ms)
				EditorAssembliesLoaded (0ms)
			ExecutionOrderSort2 (0ms)
			AwakeInstancesAfterBackupRestoration (16ms)
Platform modules already initialized, skipping
Refreshing native plugins compatible for Editor in 0.86 ms, found 3 plugins.
Preloading 0 native plugins for Editor in 0.00 ms.
Unloading 2082 Unused Serialized files (Serialized files now loaded: 0)
System memory in use before: 189.2 MB.
System memory in use after: 189.4 MB.

Unloading 16 unused Assets to reduce memory usage. Loaded Objects now: 2560.
Total: 8.443595 ms (FindLiveObjects: 0.437401 ms CreateObjectMapping: 0.178692 ms MarkObjects: 7.789100 ms  DeleteObjects: 0.036295 ms)

AssetImportParameters requested are different than current active one (requested -> active):
  custom:video-decoder-ogg-theora: a1e56fd34408186e4bbccfd4996cb3dc -> 
  custom:container-muxer-webm: aa71ff27fc2769a1b78a27578f13a17b -> 
  custom:container-demuxer-webm: 4f35f7cbe854078d1ac9338744f61a02 -> 
  custom:container-demuxer-ogg: 62fdf1f143b41e24485cea50d1cbac27 -> 
  custom:video-encoder-webm-vp8: eb34c28f22e8b96e1ab97ce403110664 -> 
  custom:framework-osx-AVFoundation: e770b220cccbd017edd2c1fefb359320 -> 
  custom:video-decoder-webm-vp8: 9c59270c3fd7afecdb556c50c9e8de78 -> 
  custom:audio-decoder-ogg-vorbis: bf7c407c2cedff20999df2af8eb42d56 -> 
  custom:audio-encoder-webm-vorbis: bf7c407c2cedff20999df2af8eb42d56 -> 
========================================================================
Received Prepare
Refreshing native plugins compatible for Editor in 3.23 ms, found 3 plugins.
Preloading 0 native plugins for Editor in 0.00 ms.
Unloading 14 Unused Serialized files (Serialized files now loaded: 0)
System memory in use before: 148.5 MB.
System memory in use after: 148.6 MB.

Unloading 14 unused Assets to reduce memory usage. Loaded Objects now: 2560.
Total: 4.127171 ms (FindLiveObjects: 0.304178 ms CreateObjectMapping: 0.106703 ms MarkObjects: 3.698378 ms  DeleteObjects: 0.017023 ms)

AssetImportParameters requested are different than current active one (requested -> active):
  custom:video-decoder-ogg-theora: a1e56fd34408186e4bbccfd4996cb3dc -> 
  custom:container-muxer-webm: aa71ff27fc2769a1b78a27578f13a17b -> 
  custom:container-demuxer-webm: 4f35f7cbe854078d1ac9338744f61a02 -> 
  custom:container-demuxer-ogg: 62fdf1f143b41e24485cea50d1cbac27 -> 
  custom:video-encoder-webm-vp8: eb34c28f22e8b96e1ab97ce403110664 -> 
  custom:framework-osx-AVFoundation: e770b220cccbd017edd2c1fefb359320 -> 
  custom:video-decoder-webm-vp8: 9c59270c3fd7afecdb556c50c9e8de78 -> 
  custom:audio-decoder-ogg-vorbis: bf7c407c2cedff20999df2af8eb42d56 -> 
  custom:audio-encoder-webm-vorbis: bf7c407c2cedff20999df2af8eb42d56 -> 
AssetImportWorkerClient::OnTransportError - code=2 error=End of file
